<?xml version="1.0" encoding="UTF-8"?>
<!-- Generated by org.testng.reporters.JUnitReportReporter -->
<testsuite hostname="SHISHIR" failures="0" tests="1" name="com.parabank.testcases.UpdatePhoneNumberLogoutTest" time="6.987" errors="0" timestamp="2023-08-07T18:18:33 BDT" skipped="0">
  <testcase classname="com.parabank.testcases.UpdatePhoneNumberLogoutTest" name="updatePhoneNumber" time="6.987"/>
  <system-out/>
</testsuite> <!-- com.parabank.testcases.UpdatePhoneNumberLogoutTest -->
