<?xml version="1.0" encoding="UTF-8"?>
<!-- Generated by org.testng.reporters.JUnitReportReporter -->
<testsuite hostname="SHISHIR" failures="0" tests="1" name="com.parabank.testcases.LoginTest" time="4.378" errors="0" timestamp="2023-08-07T18:16:13 BDT" skipped="0">
  <testcase classname="com.parabank.testcases.LoginTest" name="Login" time="4.378"/>
  <system-out/>
</testsuite> <!-- com.parabank.testcases.LoginTest -->
