<?xml version="1.0" encoding="UTF-8"?>
<!-- Generated by org.testng.reporters.JUnitReportReporter -->
<testsuite hostname="SHISHIR" failures="0" tests="1" name="com.parabank.testcases.TransfarFundTest" time="5.406" errors="0" timestamp="2023-08-07T18:16:13 BDT" skipped="0">
  <testcase classname="com.parabank.testcases.TransfarFundTest" name="transfarFundSavingsToSavings" time="5.406"/>
  <system-out/>
</testsuite> <!-- com.parabank.testcases.TransfarFundTest -->
