<?xml version="1.0" encoding="UTF-8"?>
<!-- Generated by org.testng.reporters.JUnitReportReporter -->
<testsuite hostname="SHISHIR" failures="0" tests="3" name="com.parabank.testcases.CreateAccountTest" time="15.414" errors="0" timestamp="2023-08-07T18:16:13 BDT" skipped="0">
  <testcase classname="com.parabank.testcases.CreateAccountTest" name="createCheckingAccount" time="5.079"/>
  <system-out/>
  <testcase classname="com.parabank.testcases.CreateAccountTest" name="createSavingsAccountOne" time="5.218"/>
  <system-out/>
  <testcase classname="com.parabank.testcases.CreateAccountTest" name="createSavingsAccountTwo" time="5.117"/>
  <system-out/>
</testsuite> <!-- com.parabank.testcases.CreateAccountTest -->
