<?xml version="1.0" encoding="UTF-8"?>
<!-- Generated by org.testng.reporters.JUnitReportReporter -->
<testsuite hostname="SHISHIR" failures="0" tests="2" name="com.parabank.testcases.RegisterTest" time="11.509" errors="0" timestamp="2023-08-07T18:16:13 BDT" skipped="0">
  <testcase classname="com.parabank.testcases.RegisterTest" name="registerAccounOne" time="6.277"/>
  <system-out/>
  <testcase classname="com.parabank.testcases.RegisterTest" name="registerAccounOTwo" time="5.232"/>
  <system-out/>
</testsuite> <!-- com.parabank.testcases.RegisterTest -->
